<?xml version="1.0" encoding="UTF-8"?>
<!-- Generated by org.testng.reporters.JUnitReportReporter -->
<testsuite skipped="0" hostname="DESKTOP-3HB8IKU" name="TestCases.VerifyLogin_PageFact" tests="1" failures="0" timestamp="14 Aug 2019 06:00:24 GMT" time="15.030" errors="0">
  <testcase name="CheckForLogin" time="15.030" classname="TestCases.VerifyLogin_PageFact"/>
</testsuite> <!-- TestCases.VerifyLogin_PageFact -->
