<?xml version="1.0" encoding="UTF-8"?>
<!-- Generated by org.testng.reporters.JUnitReportReporter -->
<testsuite skipped="0" hostname="DESKTOP-3HB8IKU" name="TestCases.Verifylogin" tests="1" failures="0" timestamp="14 May 2019 06:49:05 GMT" time="12.341" errors="0">
  <testcase name="verifyLoginPage" time="12.341" classname="TestCases.Verifylogin"/>
</testsuite> <!-- TestCases.Verifylogin -->
